<?xml version="1.0" encoding="UTF-8"?>
<testng-results skipped="2" failed="0" total="2" passed="0">
  <reporter-output>
  </reporter-output>
  <suite name="Default suite" duration-ms="435026" started-at="2018-10-16T19:45:14Z" finished-at="2018-10-16T19:52:29Z">
    <groups>
    </groups>
    <test name="Default test" duration-ms="435026" started-at="2018-10-16T19:45:14Z" finished-at="2018-10-16T19:52:29Z">
      <class name="com.wallethub.qa.tests.PostingReviewCommentsTest">
        <test-method status="FAIL" signature="setUp()[pri:0, instance:com.wallethub.qa.tests.PostingReviewCommentsTest@2f8f11]" name="setUp" is-config="true" duration-ms="0" started-at="2018-10-17T01:15:14Z" finished-at="2018-10-17T01:15:14Z">
          <exception class="java.lang.NullPointerException">
            <full-stacktrace>
              <![CDATA[java.lang.NullPointerException
	at sun.reflect.NativeMethodAccessorImpl.invoke0(Native Method)
	at sun.reflect.NativeMethodAccessorImpl.invoke(Unknown Source)
	at sun.reflect.DelegatingMethodAccessorImpl.invoke(Unknown Source)
	at java.lang.reflect.Method.invoke(Unknown Source)
	at org.openqa.selenium.support.pagefactory.internal.LocatingElementHandler.invoke(LocatingElementHandler.java:51)
	at com.sun.proxy.$Proxy9.sendKeys(Unknown Source)
	at com.wallethub.qa.pages.LoginPage.LogintoApplication(LoginPage.java:42)
	at com.wallethub.qa.tests.PostingReviewCommentsTest.setUp(PostingReviewCommentsTest.java:32)
	at sun.reflect.NativeMethodAccessorImpl.invoke0(Native Method)
	at sun.reflect.NativeMethodAccessorImpl.invoke(Unknown Source)
	at sun.reflect.DelegatingMethodAccessorImpl.invoke(Unknown Source)
	at java.lang.reflect.Method.invoke(Unknown Source)
	at org.testng.internal.MethodInvocationHelper.invokeMethod(MethodInvocationHelper.java:86)
	at org.testng.internal.Invoker.invokeConfigurationMethod(Invoker.java:514)
	at org.testng.internal.Invoker.invokeConfigurations(Invoker.java:215)
	at org.testng.internal.Invoker.invokeMethod(Invoker.java:589)
	at org.testng.internal.Invoker.invokeTestMethod(Invoker.java:820)
	at org.testng.internal.Invoker.invokeTestMethods(Invoker.java:1128)
	at org.testng.internal.TestMethodWorker.invokeTestMethods(TestMethodWorker.java:129)
	at org.testng.internal.TestMethodWorker.run(TestMethodWorker.java:112)
	at org.testng.TestRunner.privateRun(TestRunner.java:782)
	at org.testng.TestRunner.run(TestRunner.java:632)
	at org.testng.SuiteRunner.runTest(SuiteRunner.java:366)
	at org.testng.SuiteRunner.runSequentially(SuiteRunner.java:361)
	at org.testng.SuiteRunner.privateRun(SuiteRunner.java:319)
	at org.testng.SuiteRunner.run(SuiteRunner.java:268)
	at org.testng.SuiteRunnerWorker.runSuite(SuiteRunnerWorker.java:52)
	at org.testng.SuiteRunnerWorker.run(SuiteRunnerWorker.java:86)
	at org.testng.TestNG.runSuitesSequentially(TestNG.java:1244)
	at org.testng.TestNG.runSuitesLocally(TestNG.java:1169)
	at org.testng.TestNG.run(TestNG.java:1064)
	at org.testng.remote.AbstractRemoteTestNG.run(AbstractRemoteTestNG.java:132)
	at org.testng.remote.RemoteTestNG.initAndRun(RemoteTestNG.java:230)
	at org.testng.remote.RemoteTestNG.main(RemoteTestNG.java:76)
]]>
            </full-stacktrace>
          </exception> <!-- java.lang.NullPointerException -->
          <reporter-output>
          </reporter-output>
        </test-method> <!-- setUp -->
        <test-method status="SKIP" signature="testPostingReviewComment()[pri:0, instance:com.wallethub.qa.tests.PostingReviewCommentsTest@2f8f11]" name="testPostingReviewComment" duration-ms="49" started-at="2018-10-17T01:22:28Z" finished-at="2018-10-17T01:22:28Z">
          <reporter-output>
          </reporter-output>
        </test-method> <!-- testPostingReviewComment -->
        <test-method status="SKIP" signature="TearDown()[pri:0, instance:com.wallethub.qa.tests.PostingReviewCommentsTest@2f8f11]" name="TearDown" is-config="true" duration-ms="0" started-at="2018-10-17T01:22:28Z" finished-at="2018-10-17T01:22:28Z">
          <reporter-output>
          </reporter-output>
        </test-method> <!-- TearDown -->
        <test-method status="SKIP" signature="setUp()[pri:0, instance:com.wallethub.qa.tests.PostingReviewCommentsTest@2f8f11]" name="setUp" is-config="true" duration-ms="0" started-at="2018-10-17T01:22:28Z" finished-at="2018-10-17T01:22:28Z">
          <reporter-output>
          </reporter-output>
        </test-method> <!-- setUp -->
        <test-method status="SKIP" signature="verifyPostonUserProfile()[pri:0, instance:com.wallethub.qa.tests.PostingReviewCommentsTest@2f8f11]" name="verifyPostonUserProfile" duration-ms="154" started-at="2018-10-17T01:22:28Z" finished-at="2018-10-17T01:22:28Z">
          <reporter-output>
          </reporter-output>
        </test-method> <!-- verifyPostonUserProfile -->
        <test-method status="SKIP" signature="TearDown()[pri:0, instance:com.wallethub.qa.tests.PostingReviewCommentsTest@2f8f11]" name="TearDown" is-config="true" duration-ms="0" started-at="2018-10-17T01:22:28Z" finished-at="2018-10-17T01:22:28Z">
          <reporter-output>
          </reporter-output>
        </test-method> <!-- TearDown -->
      </class> <!-- com.wallethub.qa.tests.PostingReviewCommentsTest -->
    </test> <!-- Default test -->
  </suite> <!-- Default suite -->
</testng-results>
